0 info it worked if it ends with ok
1 verbose cli [ 'C:\\Program Files\\nodejs\\\\node.exe',
1 verbose cli   'C:\\Program Files\\nodejs\\node_modules\\npm\\bin\\npm-cli.js',
1 verbose cli   'run',
1 verbose cli   'setup' ]
2 info using npm@1.3.14
3 info using node@v0.10.22
4 verbose node symlink C:\Program Files\nodejs\\node.exe
5 verbose run-script [ 'presetup', 'setup', 'postsetup' ]
6 info presetup review-client@0.0.0
7 info setup review-client@0.0.0
8 verbose unsafe-perm in lifecycle true
9 info review-client@0.0.0 Failed to exec setup script
10 error review-client@0.0.0 setup: `./scripts/dev-setup.bat`
10 error Exit status 1
11 error Failed at the review-client@0.0.0 setup script.
11 error This is most likely a problem with the review-client package,
11 error not with npm itself.
11 error Tell the author that this fails on your system:
11 error     ./scripts/dev-setup.bat
11 error You can get their info via:
11 error     npm owner ls review-client
11 error There is likely additional logging output above.
12 error System Windows_NT 6.2.9200
13 error command "C:\\Program Files\\nodejs\\\\node.exe" "C:\\Program Files\\nodejs\\node_modules\\npm\\bin\\npm-cli.js" "run" "setup"
14 error cwd C:\Users\Sneha\Documents\GitHub\review
15 error node -v v0.10.22
16 error npm -v 1.3.14
17 error code ELIFECYCLE
18 verbose exit [ 1, true ]
